2012/07/16 04:16:04 [error] [exception.CDbException] exception 'CDbException' with message 'CDbConnection failed to open the DB connection: SQLSTATE[42000] [1049] Unknown database 'ourspace'' in C:\xampp\htdocs\yii\framework\db\CDbConnection.php:382
Stack trace:
#0 C:\xampp\htdocs\yii\framework\db\CDbConnection.php(331): CDbConnection->open()
#1 C:\xampp\htdocs\yii\framework\db\CDbConnection.php(309): CDbConnection->setActive(true)
#2 C:\xampp\htdocs\yii\framework\base\CModule.php(388): CDbConnection->init()
#3 C:\xampp\htdocs\yii\framework\base\CModule.php(104): CModule->getComponent('db')
#4 C:\xampp\htdocs\yii\framework\gii\generators\model\ModelCode.php(54): CModule->__get('db')
#5 C:\xampp\htdocs\yii\framework\web\CFormModel.php(40): ModelCode->init()
#6 C:\xampp\htdocs\yii\framework\gii\CCodeGenerator.php(152): CFormModel->__construct()
#7 C:\xampp\htdocs\yii\framework\gii\CCodeGenerator.php(64): CCodeGenerator->prepare()
#8 C:\xampp\htdocs\yii\framework\web\actions\CInlineAction.php(50): CCodeGenerator->actionIndex()
#9 C:\xampp\htdocs\yii\framework\web\CController.php(309): CInlineAction->runWithParams(Array)
#10 C:\xampp\htdocs\yii\framework\web\CController.php(287): CController->runAction(Object(CInlineAction))
#11 C:\xampp\htdocs\yii\framework\web\CController.php(266): CController->runActionWithFilters(Object(CInlineAction), Array)
#12 C:\xampp\htdocs\yii\framework\web\CWebApplication.php(276): CController->run('')
#13 C:\xampp\htdocs\yii\framework\web\CWebApplication.php(135): CWebApplication->runController('gii/model')
#14 C:\xampp\htdocs\yii\framework\base\CApplication.php(162): CWebApplication->processRequest()
#15 C:\xampp\htdocs\sysadd1_midterms\ourspace\index.php(13): CApplication->run()
#16 {main}
REQUEST_URI=/sysadd1_midterms/ourspace/index.php?r=gii/model
HTTP_REFERER=http://localhost:81/sysadd1_midterms/ourspace/index.php?r=gii/default/index
---
2012/07/16 04:18:19 [error] [exception.CDbException] exception 'CDbException' with message 'CDbConnection failed to open the DB connection: SQLSTATE[42000] [1049] Unknown database 'ourspace'' in C:\xampp\htdocs\yii\framework\db\CDbConnection.php:382
Stack trace:
#0 C:\xampp\htdocs\yii\framework\db\CDbConnection.php(331): CDbConnection->open()
#1 C:\xampp\htdocs\yii\framework\db\CDbConnection.php(309): CDbConnection->setActive(true)
#2 C:\xampp\htdocs\yii\framework\base\CModule.php(388): CDbConnection->init()
#3 C:\xampp\htdocs\yii\framework\base\CModule.php(104): CModule->getComponent('db')
#4 C:\xampp\htdocs\yii\framework\gii\generators\model\ModelCode.php(54): CModule->__get('db')
#5 C:\xampp\htdocs\yii\framework\web\CFormModel.php(40): ModelCode->init()
#6 C:\xampp\htdocs\yii\framework\gii\CCodeGenerator.php(152): CFormModel->__construct()
#7 C:\xampp\htdocs\yii\framework\gii\CCodeGenerator.php(64): CCodeGenerator->prepare()
#8 C:\xampp\htdocs\yii\framework\web\actions\CInlineAction.php(50): CCodeGenerator->actionIndex()
#9 C:\xampp\htdocs\yii\framework\web\CController.php(309): CInlineAction->runWithParams(Array)
#10 C:\xampp\htdocs\yii\framework\web\CController.php(287): CController->runAction(Object(CInlineAction))
#11 C:\xampp\htdocs\yii\framework\web\CController.php(266): CController->runActionWithFilters(Object(CInlineAction), Array)
#12 C:\xampp\htdocs\yii\framework\web\CWebApplication.php(276): CController->run('')
#13 C:\xampp\htdocs\yii\framework\web\CWebApplication.php(135): CWebApplication->runController('gii/model')
#14 C:\xampp\htdocs\yii\framework\base\CApplication.php(162): CWebApplication->processRequest()
#15 C:\xampp\htdocs\sysadd1_midterms\ourspace\index.php(13): CApplication->run()
#16 {main}
REQUEST_URI=/sysadd1_midterms/ourspace/index.php?r=gii/model
HTTP_REFERER=http://localhost:81/sysadd1_midterms/ourspace/index.php?r=gii/default/index
---
2012/07/16 04:58:36 [error] [php] include(Departments.php) [<a href='function.include'>function.include</a>]: failed to open stream: No such file or directory (C:\xampp\htdocs\yii\framework\YiiBase.php:418)
Stack trace:
#0 C:\xampp\htdocs\sysadd1_midterms\ourspace\protected\views\mycomment\_form.php(21): spl_autoload_call()
#1 C:\xampp\htdocs\yii\framework\web\CBaseController.php(127): require()
#2 C:\xampp\htdocs\yii\framework\web\CBaseController.php(96): MycommentController->renderInternal()
#3 C:\xampp\htdocs\yii\framework\web\CController.php(870): MycommentController->renderFile()
#4 C:\xampp\htdocs\sysadd1_midterms\ourspace\protected\views\mycomment\create.php(15): MycommentController->renderPartial()
#5 C:\xampp\htdocs\yii\framework\web\CBaseController.php(127): require()
#6 C:\xampp\htdocs\yii\framework\web\CBaseController.php(96): MycommentController->renderInternal()
#7 C:\xampp\htdocs\yii\framework\web\CController.php(870): MycommentController->renderFile()
#8 C:\xampp\htdocs\yii\framework\web\CController.php(783): MycommentController->renderPartial()
#9 C:\xampp\htdocs\sysadd1_midterms\ourspace\protected\controllers\MycommentController.php(78): MycommentController->render()
#10 C:\xampp\htdocs\yii\framework\web\actions\CInlineAction.php(50): MycommentController->actionCreate()
#11 C:\xampp\htdocs\yii\framework\web\CController.php(309): CInlineAction->runWithParams()
#12 C:\xampp\htdocs\yii\framework\web\filters\CFilterChain.php(134): MycommentController->runAction()
#13 C:\xampp\htdocs\yii\framework\web\filters\CFilter.php(41): CFilterChain->run()
#14 C:\xampp\htdocs\yii\framework\web\CController.php(1146): CAccessControlFilter->filter()
#15 C:\xampp\htdocs\yii\framework\web\filters\CInlineFilter.php(59): MycommentController->filterAccessControl()
#16 C:\xampp\htdocs\yii\framework\web\filters\CFilterChain.php(131): CInlineFilter->filter()
#17 C:\xampp\htdocs\yii\framework\web\CController.php(292): CFilterChain->run()
#18 C:\xampp\htdocs\yii\framework\web\CController.php(266): MycommentController->runActionWithFilters()
#19 C:\xampp\htdocs\yii\framework\web\CWebApplication.php(276): MycommentController->run()
#20 C:\xampp\htdocs\yii\framework\web\CWebApplication.php(135): CWebApplication->runController()
#21 C:\xampp\htdocs\yii\framework\base\CApplication.php(162): CWebApplication->processRequest()
#22 C:\xampp\htdocs\sysadd1_midterms\ourspace\index.php(13): CWebApplication->run()
REQUEST_URI=/sysadd1_midterms/ourspace/index.php?r=mycomment/create
in C:\xampp\htdocs\sysadd1_midterms\ourspace\protected\views\mycomment\_form.php (21)
in C:\xampp\htdocs\sysadd1_midterms\ourspace\protected\views\mycomment\create.php (15)
in C:\xampp\htdocs\sysadd1_midterms\ourspace\protected\controllers\MycommentController.php (78)
2012/07/16 05:00:22 [error] [php] include(Departments.php) [<a href='function.include'>function.include</a>]: failed to open stream: No such file or directory (C:\xampp\htdocs\yii\framework\YiiBase.php:418)
Stack trace:
#0 C:\xampp\htdocs\sysadd1_midterms\ourspace\protected\views\mycomment\_form.php(20): spl_autoload_call()
#1 C:\xampp\htdocs\yii\framework\web\CBaseController.php(127): require()
#2 C:\xampp\htdocs\yii\framework\web\CBaseController.php(96): MycommentController->renderInternal()
#3 C:\xampp\htdocs\yii\framework\web\CController.php(870): MycommentController->renderFile()
#4 C:\xampp\htdocs\sysadd1_midterms\ourspace\protected\views\mycomment\create.php(15): MycommentController->renderPartial()
#5 C:\xampp\htdocs\yii\framework\web\CBaseController.php(127): require()
#6 C:\xampp\htdocs\yii\framework\web\CBaseController.php(96): MycommentController->renderInternal()
#7 C:\xampp\htdocs\yii\framework\web\CController.php(870): MycommentController->renderFile()
#8 C:\xampp\htdocs\yii\framework\web\CController.php(783): MycommentController->renderPartial()
#9 C:\xampp\htdocs\sysadd1_midterms\ourspace\protected\controllers\MycommentController.php(78): MycommentController->render()
#10 C:\xampp\htdocs\yii\framework\web\actions\CInlineAction.php(50): MycommentController->actionCreate()
#11 C:\xampp\htdocs\yii\framework\web\CController.php(309): CInlineAction->runWithParams()
#12 C:\xampp\htdocs\yii\framework\web\filters\CFilterChain.php(134): MycommentController->runAction()
#13 C:\xampp\htdocs\yii\framework\web\filters\CFilter.php(41): CFilterChain->run()
#14 C:\xampp\htdocs\yii\framework\web\CController.php(1146): CAccessControlFilter->filter()
#15 C:\xampp\htdocs\yii\framework\web\filters\CInlineFilter.php(59): MycommentController->filterAccessControl()
#16 C:\xampp\htdocs\yii\framework\web\filters\CFilterChain.php(131): CInlineFilter->filter()
#17 C:\xampp\htdocs\yii\framework\web\CController.php(292): CFilterChain->run()
#18 C:\xampp\htdocs\yii\framework\web\CController.php(266): MycommentController->runActionWithFilters()
#19 C:\xampp\htdocs\yii\framework\web\CWebApplication.php(276): MycommentController->run()
#20 C:\xampp\htdocs\yii\framework\web\CWebApplication.php(135): CWebApplication->runController()
#21 C:\xampp\htdocs\yii\framework\base\CApplication.php(162): CWebApplication->processRequest()
#22 C:\xampp\htdocs\sysadd1_midterms\ourspace\index.php(13): CWebApplication->run()
REQUEST_URI=/sysadd1_midterms/ourspace/index.php?r=mycomment/create
in C:\xampp\htdocs\sysadd1_midterms\ourspace\protected\views\mycomment\_form.php (20)
in C:\xampp\htdocs\sysadd1_midterms\ourspace\protected\views\mycomment\create.php (15)
in C:\xampp\htdocs\sysadd1_midterms\ourspace\protected\controllers\MycommentController.php (78)
2012/07/16 05:00:23 [error] [php] include(Departments.php) [<a href='function.include'>function.include</a>]: failed to open stream: No such file or directory (C:\xampp\htdocs\yii\framework\YiiBase.php:418)
Stack trace:
#0 C:\xampp\htdocs\sysadd1_midterms\ourspace\protected\views\mycomment\_form.php(20): spl_autoload_call()
#1 C:\xampp\htdocs\yii\framework\web\CBaseController.php(127): require()
#2 C:\xampp\htdocs\yii\framework\web\CBaseController.php(96): MycommentController->renderInternal()
#3 C:\xampp\htdocs\yii\framework\web\CController.php(870): MycommentController->renderFile()
#4 C:\xampp\htdocs\sysadd1_midterms\ourspace\protected\views\mycomment\create.php(15): MycommentController->renderPartial()
#5 C:\xampp\htdocs\yii\framework\web\CBaseController.php(127): require()
#6 C:\xampp\htdocs\yii\framework\web\CBaseController.php(96): MycommentController->renderInternal()
#7 C:\xampp\htdocs\yii\framework\web\CController.php(870): MycommentController->renderFile()
#8 C:\xampp\htdocs\yii\framework\web\CController.php(783): MycommentController->renderPartial()
#9 C:\xampp\htdocs\sysadd1_midterms\ourspace\protected\controllers\MycommentController.php(78): MycommentController->render()
#10 C:\xampp\htdocs\yii\framework\web\actions\CInlineAction.php(50): MycommentController->actionCreate()
#11 C:\xampp\htdocs\yii\framework\web\CController.php(309): CInlineAction->runWithParams()
#12 C:\xampp\htdocs\yii\framework\web\filters\CFilterChain.php(134): MycommentController->runAction()
#13 C:\xampp\htdocs\yii\framework\web\filters\CFilter.php(41): CFilterChain->run()
#14 C:\xampp\htdocs\yii\framework\web\CController.php(1146): CAccessControlFilter->filter()
#15 C:\xampp\htdocs\yii\framework\web\filters\CInlineFilter.php(59): MycommentController->filterAccessControl()
#16 C:\xampp\htdocs\yii\framework\web\filters\CFilterChain.php(131): CInlineFilter->filter()
#17 C:\xampp\htdocs\yii\framework\web\CController.php(292): CFilterChain->run()
#18 C:\xampp\htdocs\yii\framework\web\CController.php(266): MycommentController->runActionWithFilters()
#19 C:\xampp\htdocs\yii\framework\web\CWebApplication.php(276): MycommentController->run()
#20 C:\xampp\htdocs\yii\framework\web\CWebApplication.php(135): CWebApplication->runController()
#21 C:\xampp\htdocs\yii\framework\base\CApplication.php(162): CWebApplication->processRequest()
#22 C:\xampp\htdocs\sysadd1_midterms\ourspace\index.php(13): CWebApplication->run()
REQUEST_URI=/sysadd1_midterms/ourspace/index.php?r=mycomment/create
in C:\xampp\htdocs\sysadd1_midterms\ourspace\protected\views\mycomment\_form.php (20)
in C:\xampp\htdocs\sysadd1_midterms\ourspace\protected\views\mycomment\create.php (15)
in C:\xampp\htdocs\sysadd1_midterms\ourspace\protected\controllers\MycommentController.php (78)
2012/07/16 05:00:23 [error] [php] include(Departments.php) [<a href='function.include'>function.include</a>]: failed to open stream: No such file or directory (C:\xampp\htdocs\yii\framework\YiiBase.php:418)
Stack trace:
#0 C:\xampp\htdocs\sysadd1_midterms\ourspace\protected\views\mycomment\_form.php(20): spl_autoload_call()
#1 C:\xampp\htdocs\yii\framework\web\CBaseController.php(127): require()
#2 C:\xampp\htdocs\yii\framework\web\CBaseController.php(96): MycommentController->renderInternal()
#3 C:\xampp\htdocs\yii\framework\web\CController.php(870): MycommentController->renderFile()
#4 C:\xampp\htdocs\sysadd1_midterms\ourspace\protected\views\mycomment\create.php(15): MycommentController->renderPartial()
#5 C:\xampp\htdocs\yii\framework\web\CBaseController.php(127): require()
#6 C:\xampp\htdocs\yii\framework\web\CBaseController.php(96): MycommentController->renderInternal()
#7 C:\xampp\htdocs\yii\framework\web\CController.php(870): MycommentController->renderFile()
#8 C:\xampp\htdocs\yii\framework\web\CController.php(783): MycommentController->renderPartial()
#9 C:\xampp\htdocs\sysadd1_midterms\ourspace\protected\controllers\MycommentController.php(78): MycommentController->render()
#10 C:\xampp\htdocs\yii\framework\web\actions\CInlineAction.php(50): MycommentController->actionCreate()
#11 C:\xampp\htdocs\yii\framework\web\CController.php(309): CInlineAction->runWithParams()
#12 C:\xampp\htdocs\yii\framework\web\filters\CFilterChain.php(134): MycommentController->runAction()
#13 C:\xampp\htdocs\yii\framework\web\filters\CFilter.php(41): CFilterChain->run()
#14 C:\xampp\htdocs\yii\framework\web\CController.php(1146): CAccessControlFilter->filter()
#15 C:\xampp\htdocs\yii\framework\web\filters\CInlineFilter.php(59): MycommentController->filterAccessControl()
#16 C:\xampp\htdocs\yii\framework\web\filters\CFilterChain.php(131): CInlineFilter->filter()
#17 C:\xampp\htdocs\yii\framework\web\CController.php(292): CFilterChain->run()
#18 C:\xampp\htdocs\yii\framework\web\CController.php(266): MycommentController->runActionWithFilters()
#19 C:\xampp\htdocs\yii\framework\web\CWebApplication.php(276): MycommentController->run()
#20 C:\xampp\htdocs\yii\framework\web\CWebApplication.php(135): CWebApplication->runController()
#21 C:\xampp\htdocs\yii\framework\base\CApplication.php(162): CWebApplication->processRequest()
#22 C:\xampp\htdocs\sysadd1_midterms\ourspace\index.php(13): CWebApplication->run()
REQUEST_URI=/sysadd1_midterms/ourspace/index.php?r=mycomment/create
in C:\xampp\htdocs\sysadd1_midterms\ourspace\protected\views\mycomment\_form.php (20)
in C:\xampp\htdocs\sysadd1_midterms\ourspace\protected\views\mycomment\create.php (15)
in C:\xampp\htdocs\sysadd1_midterms\ourspace\protected\controllers\MycommentController.php (78)
2012/07/16 05:00:23 [error] [php] include(Departments.php) [<a href='function.include'>function.include</a>]: failed to open stream: No such file or directory (C:\xampp\htdocs\yii\framework\YiiBase.php:418)
Stack trace:
#0 C:\xampp\htdocs\sysadd1_midterms\ourspace\protected\views\mycomment\_form.php(20): spl_autoload_call()
#1 C:\xampp\htdocs\yii\framework\web\CBaseController.php(127): require()
#2 C:\xampp\htdocs\yii\framework\web\CBaseController.php(96): MycommentController->renderInternal()
#3 C:\xampp\htdocs\yii\framework\web\CController.php(870): MycommentController->renderFile()
#4 C:\xampp\htdocs\sysadd1_midterms\ourspace\protected\views\mycomment\create.php(15): MycommentController->renderPartial()
#5 C:\xampp\htdocs\yii\framework\web\CBaseController.php(127): require()
#6 C:\xampp\htdocs\yii\framework\web\CBaseController.php(96): MycommentController->renderInternal()
#7 C:\xampp\htdocs\yii\framework\web\CController.php(870): MycommentController->renderFile()
#8 C:\xampp\htdocs\yii\framework\web\CController.php(783): MycommentController->renderPartial()
#9 C:\xampp\htdocs\sysadd1_midterms\ourspace\protected\controllers\MycommentController.php(78): MycommentController->render()
#10 C:\xampp\htdocs\yii\framework\web\actions\CInlineAction.php(50): MycommentController->actionCreate()
#11 C:\xampp\htdocs\yii\framework\web\CController.php(309): CInlineAction->runWithParams()
#12 C:\xampp\htdocs\yii\framework\web\filters\CFilterChain.php(134): MycommentController->runAction()
#13 C:\xampp\htdocs\yii\framework\web\filters\CFilter.php(41): CFilterChain->run()
#14 C:\xampp\htdocs\yii\framework\web\CController.php(1146): CAccessControlFilter->filter()
#15 C:\xampp\htdocs\yii\framework\web\filters\CInlineFilter.php(59): MycommentController->filterAccessControl()
#16 C:\xampp\htdocs\yii\framework\web\filters\CFilterChain.php(131): CInlineFilter->filter()
#17 C:\xampp\htdocs\yii\framework\web\CController.php(292): CFilterChain->run()
#18 C:\xampp\htdocs\yii\framework\web\CController.php(266): MycommentController->runActionWithFilters()
#19 C:\xampp\htdocs\yii\framework\web\CWebApplication.php(276): MycommentController->run()
#20 C:\xampp\htdocs\yii\framework\web\CWebApplication.php(135): CWebApplication->runController()
#21 C:\xampp\htdocs\yii\framework\base\CApplication.php(162): CWebApplication->processRequest()
#22 C:\xampp\htdocs\sysadd1_midterms\ourspace\index.php(13): CWebApplication->run()
REQUEST_URI=/sysadd1_midterms/ourspace/index.php?r=mycomment/create
in C:\xampp\htdocs\sysadd1_midterms\ourspace\protected\views\mycomment\_form.php (20)
in C:\xampp\htdocs\sysadd1_midterms\ourspace\protected\views\mycomment\create.php (15)
in C:\xampp\htdocs\sysadd1_midterms\ourspace\protected\controllers\MycommentController.php (78)
2012/07/16 05:00:24 [error] [php] include(Departments.php) [<a href='function.include'>function.include</a>]: failed to open stream: No such file or directory (C:\xampp\htdocs\yii\framework\YiiBase.php:418)
Stack trace:
#0 C:\xampp\htdocs\sysadd1_midterms\ourspace\protected\views\mycomment\_form.php(20): spl_autoload_call()
#1 C:\xampp\htdocs\yii\framework\web\CBaseController.php(127): require()
#2 C:\xampp\htdocs\yii\framework\web\CBaseController.php(96): MycommentController->renderInternal()
#3 C:\xampp\htdocs\yii\framework\web\CController.php(870): MycommentController->renderFile()
#4 C:\xampp\htdocs\sysadd1_midterms\ourspace\protected\views\mycomment\create.php(15): MycommentController->renderPartial()
#5 C:\xampp\htdocs\yii\framework\web\CBaseController.php(127): require()
#6 C:\xampp\htdocs\yii\framework\web\CBaseController.php(96): MycommentController->renderInternal()
#7 C:\xampp\htdocs\yii\framework\web\CController.php(870): MycommentController->renderFile()
#8 C:\xampp\htdocs\yii\framework\web\CController.php(783): MycommentController->renderPartial()
#9 C:\xampp\htdocs\sysadd1_midterms\ourspace\protected\controllers\MycommentController.php(78): MycommentController->render()
#10 C:\xampp\htdocs\yii\framework\web\actions\CInlineAction.php(50): MycommentController->actionCreate()
#11 C:\xampp\htdocs\yii\framework\web\CController.php(309): CInlineAction->runWithParams()
#12 C:\xampp\htdocs\yii\framework\web\filters\CFilterChain.php(134): MycommentController->runAction()
#13 C:\xampp\htdocs\yii\framework\web\filters\CFilter.php(41): CFilterChain->run()
#14 C:\xampp\htdocs\yii\framework\web\CController.php(1146): CAccessControlFilter->filter()
#15 C:\xampp\htdocs\yii\framework\web\filters\CInlineFilter.php(59): MycommentController->filterAccessControl()
#16 C:\xampp\htdocs\yii\framework\web\filters\CFilterChain.php(131): CInlineFilter->filter()
#17 C:\xampp\htdocs\yii\framework\web\CController.php(292): CFilterChain->run()
#18 C:\xampp\htdocs\yii\framework\web\CController.php(266): MycommentController->runActionWithFilters()
#19 C:\xampp\htdocs\yii\framework\web\CWebApplication.php(276): MycommentController->run()
#20 C:\xampp\htdocs\yii\framework\web\CWebApplication.php(135): CWebApplication->runController()
#21 C:\xampp\htdocs\yii\framework\base\CApplication.php(162): CWebApplication->processRequest()
#22 C:\xampp\htdocs\sysadd1_midterms\ourspace\index.php(13): CWebApplication->run()
REQUEST_URI=/sysadd1_midterms/ourspace/index.php?r=mycomment/create
in C:\xampp\htdocs\sysadd1_midterms\ourspace\protected\views\mycomment\_form.php (20)
in C:\xampp\htdocs\sysadd1_midterms\ourspace\protected\views\mycomment\create.php (15)
in C:\xampp\htdocs\sysadd1_midterms\ourspace\protected\controllers\MycommentController.php (78)
2012/07/16 05:00:24 [error] [php] include(Departments.php) [<a href='function.include'>function.include</a>]: failed to open stream: No such file or directory (C:\xampp\htdocs\yii\framework\YiiBase.php:418)
Stack trace:
#0 C:\xampp\htdocs\sysadd1_midterms\ourspace\protected\views\mycomment\_form.php(20): spl_autoload_call()
#1 C:\xampp\htdocs\yii\framework\web\CBaseController.php(127): require()
#2 C:\xampp\htdocs\yii\framework\web\CBaseController.php(96): MycommentController->renderInternal()
#3 C:\xampp\htdocs\yii\framework\web\CController.php(870): MycommentController->renderFile()
#4 C:\xampp\htdocs\sysadd1_midterms\ourspace\protected\views\mycomment\create.php(15): MycommentController->renderPartial()
#5 C:\xampp\htdocs\yii\framework\web\CBaseController.php(127): require()
#6 C:\xampp\htdocs\yii\framework\web\CBaseController.php(96): MycommentController->renderInternal()
#7 C:\xampp\htdocs\yii\framework\web\CController.php(870): MycommentController->renderFile()
#8 C:\xampp\htdocs\yii\framework\web\CController.php(783): MycommentController->renderPartial()
#9 C:\xampp\htdocs\sysadd1_midterms\ourspace\protected\controllers\MycommentController.php(78): MycommentController->render()
#10 C:\xampp\htdocs\yii\framework\web\actions\CInlineAction.php(50): MycommentController->actionCreate()
#11 C:\xampp\htdocs\yii\framework\web\CController.php(309): CInlineAction->runWithParams()
#12 C:\xampp\htdocs\yii\framework\web\filters\CFilterChain.php(134): MycommentController->runAction()
#13 C:\xampp\htdocs\yii\framework\web\filters\CFilter.php(41): CFilterChain->run()
#14 C:\xampp\htdocs\yii\framework\web\CController.php(1146): CAccessControlFilter->filter()
#15 C:\xampp\htdocs\yii\framework\web\filters\CInlineFilter.php(59): MycommentController->filterAccessControl()
#16 C:\xampp\htdocs\yii\framework\web\filters\CFilterChain.php(131): CInlineFilter->filter()
#17 C:\xampp\htdocs\yii\framework\web\CController.php(292): CFilterChain->run()
#18 C:\xampp\htdocs\yii\framework\web\CController.php(266): MycommentController->runActionWithFilters()
#19 C:\xampp\htdocs\yii\framework\web\CWebApplication.php(276): MycommentController->run()
#20 C:\xampp\htdocs\yii\framework\web\CWebApplication.php(135): CWebApplication->runController()
#21 C:\xampp\htdocs\yii\framework\base\CApplication.php(162): CWebApplication->processRequest()
#22 C:\xampp\htdocs\sysadd1_midterms\ourspace\index.php(13): CWebApplication->run()
REQUEST_URI=/sysadd1_midterms/ourspace/index.php?r=mycomment/create
in C:\xampp\htdocs\sysadd1_midterms\ourspace\protected\views\mycomment\_form.php (20)
in C:\xampp\htdocs\sysadd1_midterms\ourspace\protected\views\mycomment\create.php (15)
in C:\xampp\htdocs\sysadd1_midterms\ourspace\protected\controllers\MycommentController.php (78)
2012/07/16 05:03:25 [error] [php] include(MyAdress.php) [<a href='function.include'>function.include</a>]: failed to open stream: No such file or directory (C:\xampp\htdocs\yii\framework\YiiBase.php:418)
Stack trace:
#0 C:\xampp\htdocs\sysadd1_midterms\ourspace\protected\views\mycomment\_form.php(21): spl_autoload_call()
#1 C:\xampp\htdocs\yii\framework\web\CBaseController.php(127): require()
#2 C:\xampp\htdocs\yii\framework\web\CBaseController.php(96): MycommentController->renderInternal()
#3 C:\xampp\htdocs\yii\framework\web\CController.php(870): MycommentController->renderFile()
#4 C:\xampp\htdocs\sysadd1_midterms\ourspace\protected\views\mycomment\create.php(15): MycommentController->renderPartial()
#5 C:\xampp\htdocs\yii\framework\web\CBaseController.php(127): require()
#6 C:\xampp\htdocs\yii\framework\web\CBaseController.php(96): MycommentController->renderInternal()
#7 C:\xampp\htdocs\yii\framework\web\CController.php(870): MycommentController->renderFile()
#8 C:\xampp\htdocs\yii\framework\web\CController.php(783): MycommentController->renderPartial()
#9 C:\xampp\htdocs\sysadd1_midterms\ourspace\protected\controllers\MycommentController.php(78): MycommentController->render()
#10 C:\xampp\htdocs\yii\framework\web\actions\CInlineAction.php(50): MycommentController->actionCreate()
#11 C:\xampp\htdocs\yii\framework\web\CController.php(309): CInlineAction->runWithParams()
#12 C:\xampp\htdocs\yii\framework\web\filters\CFilterChain.php(134): MycommentController->runAction()
#13 C:\xampp\htdocs\yii\framework\web\filters\CFilter.php(41): CFilterChain->run()
#14 C:\xampp\htdocs\yii\framework\web\CController.php(1146): CAccessControlFilter->filter()
#15 C:\xampp\htdocs\yii\framework\web\filters\CInlineFilter.php(59): MycommentController->filterAccessControl()
#16 C:\xampp\htdocs\yii\framework\web\filters\CFilterChain.php(131): CInlineFilter->filter()
#17 C:\xampp\htdocs\yii\framework\web\CController.php(292): CFilterChain->run()
#18 C:\xampp\htdocs\yii\framework\web\CController.php(266): MycommentController->runActionWithFilters()
#19 C:\xampp\htdocs\yii\framework\web\CWebApplication.php(276): MycommentController->run()
#20 C:\xampp\htdocs\yii\framework\web\CWebApplication.php(135): CWebApplication->runController()
#21 C:\xampp\htdocs\yii\framework\base\CApplication.php(162): CWebApplication->processRequest()
#22 C:\xampp\htdocs\sysadd1_midterms\ourspace\index.php(13): CWebApplication->run()
REQUEST_URI=/sysadd1_midterms/ourspace/index.php?r=mycomment/create
in C:\xampp\htdocs\sysadd1_midterms\ourspace\protected\views\mycomment\_form.php (21)
in C:\xampp\htdocs\sysadd1_midterms\ourspace\protected\views\mycomment\create.php (15)
in C:\xampp\htdocs\sysadd1_midterms\ourspace\protected\controllers\MycommentController.php (78)
2012/07/16 05:12:38 [error] [exception.CHttpException.404] exception 'CHttpException' with message 'Unable to resolve the request "myaddresst/create".' in C:\xampp\htdocs\yii\framework\web\CWebApplication.php:280
Stack trace:
#0 C:\xampp\htdocs\yii\framework\web\CWebApplication.php(135): CWebApplication->runController('myaddresst/crea...')
#1 C:\xampp\htdocs\yii\framework\base\CApplication.php(162): CWebApplication->processRequest()
#2 C:\xampp\htdocs\sysadd1_midterms\ourspace\index.php(13): CApplication->run()
#3 {main}
REQUEST_URI=/sysadd1_midterms/ourspace/index.php?r=myaddresst/create
---
