2014/07/02 04:16:08 [error] [system.db.CDbCommand] Error in preparing SQL: DELETE FROM 'YiiSession' WHERE expire<:expire
in C:\Users\student\Documents\quality\apc-201401-quality-03\trunk\application\protected\views\layouts\main.php (32)
in C:\Users\student\Documents\quality\apc-201401-quality-03\trunk\application\protected\views\layouts\column1.php (5)
in C:\Users\student\Documents\quality\apc-201401-quality-03\trunk\application\protected\controllers\SiteController.php (95)
2014/07/02 04:16:08 [error] [system.db.CDbCommand] CDbCommand::execute() failed: CDbCommand failed to prepare the SQL statement: SQLSTATE[HY000]: General error: 1 no such table: YiiSession. The SQL statement executed was: DELETE FROM 'YiiSession' WHERE expire<:expire.
in C:\Users\student\Documents\quality\apc-201401-quality-03\trunk\application\protected\views\layouts\main.php (32)
in C:\Users\student\Documents\quality\apc-201401-quality-03\trunk\application\protected\views\layouts\column1.php (5)
in C:\Users\student\Documents\quality\apc-201401-quality-03\trunk\application\protected\controllers\SiteController.php (95)
2014/07/03 12:15:34 [error] [exception.CDbException] exception 'CDbException' with message 'CDbConnection failed to open the DB connection: SQLSTATE[HY000] [1049] Unknown database 'paf-fcms'' in C:\xampp\htdocs\yii\framework\db\CDbConnection.php:382
Stack trace:
#0 C:\xampp\htdocs\yii\framework\db\CDbConnection.php(330): CDbConnection->open()
#1 C:\xampp\htdocs\yii\framework\db\CDbConnection.php(308): CDbConnection->setActive(true)
#2 C:\xampp\htdocs\yii\framework\base\CModule.php(387): CDbConnection->init()
#3 C:\xampp\htdocs\yii\framework\base\CApplication.php(450): CModule->getComponent('db')
#4 C:\xampp\htdocs\yii\framework\db\ar\CActiveRecord.php(634): CApplication->getDb()
#5 C:\xampp\htdocs\yii\framework\db\ar\CActiveRecord.php(1428): CActiveRecord->getDbConnection()
#6 C:\xampp\htdocs\yii\framework\db\ar\CActiveRecord.php(1517): CActiveRecord->getTableAlias(true)
#7 C:\Users\student\Documents\Quality\apc-201401-quality-03\trunk\application\protected\components\UserIdentity.php(9): CActiveRecord->findByAttributes(Array)
#8 C:\Users\student\Documents\Quality\apc-201401-quality-03\trunk\application\protected\models\LoginForm.php(52): UserIdentity->authenticate()
#9 C:\xampp\htdocs\yii\framework\validators\CInlineValidator.php(42): LoginForm->authenticate('password', Array)
#10 C:\xampp\htdocs\yii\framework\validators\CValidator.php(213): CInlineValidator->validateAttribute(Object(LoginForm), 'password')
#11 C:\xampp\htdocs\yii\framework\base\CModel.php(159): CValidator->validate(Object(LoginForm), NULL)
#12 C:\Users\student\Documents\Quality\apc-201401-quality-03\trunk\application\protected\controllers\SiteController.php(91): CModel->validate()
#13 C:\xampp\htdocs\yii\framework\web\actions\CInlineAction.php(49): SiteController->actionLogin()
#14 C:\xampp\htdocs\yii\framework\web\CController.php(308): CInlineAction->runWithParams(Array)
#15 C:\xampp\htdocs\yii\framework\web\CController.php(286): CController->runAction(Object(CInlineAction))
#16 C:\xampp\htdocs\yii\framework\web\CController.php(265): CController->runActionWithFilters(Object(CInlineAction), Array)
#17 C:\xampp\htdocs\yii\framework\web\CWebApplication.php(282): CController->run('')
#18 C:\xampp\htdocs\yii\framework\web\CWebApplication.php(141): CWebApplication->runController('')
#19 C:\xampp\htdocs\yii\framework\base\CApplication.php(180): CWebApplication->processRequest()
#20 C:\Users\student\Documents\Quality\apc-201401-quality-03\trunk\application\index.php(16): CApplication->run()
#21 {main}
REQUEST_URI=/aldreen/
HTTP_REFERER=http://localhost/aldreen/
---
